<?xml version="1.0" encoding="UTF-8"?>
<testsuite name="com.helloworld.helloworldTest" tests="1" skipped="0" failures="0" errors="0" timestamp="2023-01-06T10:48:14" hostname="DESKTOP-E8ODSG4" time="0.005">
  <properties/>
  <testcase name="verifyNoExceptionThrown" classname="com.helloworld.helloworldTest" time="0.005"/>
  <system-out><![CDATA[Hello World
]]></system-out>
  <system-err><![CDATA[]]></system-err>
</testsuite>
